<?xml version="1.0" encoding="UTF-8"?>
<coverage generated="1766327874">
  <project timestamp="1766327874" name="Clover Coverage">
    <package name="AEATech\CLISnapshotProfilerNewrelicBundle">
      <file name="/app/src/AEATechCLISnapshotProfilerNewrelicBundle.php">
        <class name="AEATech\CLISnapshotProfilerNewrelicBundle\AEATechCLISnapshotProfilerNewrelicBundle" namespace="AEATech\CLISnapshotProfilerNewrelicBundle">
          <metrics complexity="7" methods="4" coveredmethods="4" conditionals="0" coveredconditionals="0" statements="71" coveredstatements="71" elements="75" coveredelements="75"/>
        </class>
        <line num="36" type="method" name="configure" visibility="public" complexity="1" crap="1" count="5"/>
        <line num="38" type="stmt" count="5"/>
        <line num="39" type="stmt" count="5"/>
        <line num="40" type="stmt" count="5"/>
        <line num="41" type="stmt" count="5"/>
        <line num="42" type="stmt" count="5"/>
        <line num="43" type="stmt" count="5"/>
        <line num="44" type="stmt" count="5"/>
        <line num="45" type="stmt" count="5"/>
        <line num="46" type="stmt" count="5"/>
        <line num="47" type="stmt" count="5"/>
        <line num="48" type="stmt" count="5"/>
        <line num="49" type="stmt" count="5"/>
        <line num="50" type="stmt" count="5"/>
        <line num="51" type="stmt" count="5"/>
        <line num="52" type="stmt" count="5"/>
        <line num="53" type="stmt" count="5"/>
        <line num="54" type="stmt" count="5"/>
        <line num="55" type="stmt" count="5"/>
        <line num="56" type="stmt" count="5"/>
        <line num="57" type="stmt" count="5"/>
        <line num="58" type="stmt" count="5"/>
        <line num="59" type="stmt" count="5"/>
        <line num="60" type="stmt" count="5"/>
        <line num="61" type="stmt" count="5"/>
        <line num="62" type="stmt" count="5"/>
        <line num="63" type="stmt" count="5"/>
        <line num="64" type="stmt" count="5"/>
        <line num="65" type="stmt" count="5"/>
        <line num="66" type="stmt" count="5"/>
        <line num="67" type="stmt" count="5"/>
        <line num="68" type="stmt" count="5"/>
        <line num="69" type="stmt" count="5"/>
        <line num="70" type="stmt" count="5"/>
        <line num="71" type="stmt" count="5"/>
        <line num="72" type="stmt" count="5"/>
        <line num="73" type="stmt" count="5"/>
        <line num="74" type="stmt" count="5"/>
        <line num="75" type="stmt" count="5"/>
        <line num="76" type="stmt" count="5"/>
        <line num="77" type="stmt" count="5"/>
        <line num="78" type="stmt" count="5"/>
        <line num="79" type="stmt" count="5"/>
        <line num="80" type="stmt" count="5"/>
        <line num="81" type="stmt" count="5"/>
        <line num="82" type="stmt" count="5"/>
        <line num="85" type="method" name="loadExtension" visibility="public" complexity="1" crap="1" count="5"/>
        <line num="87" type="stmt" count="5"/>
        <line num="89" type="stmt" count="5"/>
        <line num="91" type="stmt" count="5"/>
        <line num="93" type="stmt" count="5"/>
        <line num="94" type="stmt" count="5"/>
        <line num="103" type="method" name="initAdapter" visibility="private" complexity="1" crap="1" count="5"/>
        <line num="105" type="stmt" count="5"/>
        <line num="107" type="stmt" count="5"/>
        <line num="108" type="stmt" count="5"/>
        <line num="109" type="stmt" count="5"/>
        <line num="119" type="method" name="initEventMatcher" visibility="private" complexity="4" crap="4" count="5"/>
        <line num="121" type="stmt" count="5"/>
        <line num="122" type="stmt" count="4"/>
        <line num="123" type="stmt" count="4"/>
        <line num="124" type="stmt" count="2"/>
        <line num="126" type="stmt" count="2"/>
        <line num="127" type="stmt" count="2"/>
        <line num="128" type="stmt" count="2"/>
        <line num="129" type="stmt" count="1"/>
        <line num="130" type="stmt" count="1"/>
        <line num="131" type="stmt" count="1"/>
        <line num="132" type="stmt" count="1"/>
        <line num="133" type="stmt" count="1"/>
        <line num="135" type="stmt" count="1"/>
        <line num="137" type="stmt" count="1"/>
        <line num="138" type="stmt" count="1"/>
        <line num="140" type="stmt" count="1"/>
        <line num="143" type="stmt" count="1"/>
        <metrics loc="147" ncloc="134" classes="1" methods="4" coveredmethods="4" conditionals="0" coveredconditionals="0" statements="71" coveredstatements="71" elements="75" coveredelements="75"/>
      </file>
      <file name="/app/src/OptionsFactory.php">
        <class name="AEATech\CLISnapshotProfilerNewrelicBundle\OptionsFactory" namespace="AEATech\CLISnapshotProfilerNewrelicBundle">
          <metrics complexity="1" methods="1" coveredmethods="1" conditionals="0" coveredconditionals="0" statements="6" coveredstatements="6" elements="7" coveredelements="7"/>
        </class>
        <line num="15" type="method" name="factory" visibility="public" complexity="1" crap="1" count="1"/>
        <line num="17" type="stmt" count="1"/>
        <line num="18" type="stmt" count="1"/>
        <line num="20" type="stmt" count="1"/>
        <line num="21" type="stmt" count="1"/>
        <line num="22" type="stmt" count="1"/>
        <line num="23" type="stmt" count="1"/>
        <metrics loc="26" ncloc="23" classes="1" methods="1" coveredmethods="1" conditionals="0" coveredconditionals="0" statements="6" coveredstatements="6" elements="7" coveredelements="7"/>
      </file>
    </package>
    <metrics files="2" loc="173" ncloc="157" classes="2" methods="5" coveredmethods="5" conditionals="0" coveredconditionals="0" statements="77" coveredstatements="77" elements="82" coveredelements="82"/>
  </project>
</coverage>
